1550154700770	mozrunner::runner	INFO	Running command: "/usr/bin/firefox" "-marionette" "-foreground" "-no-remote" "-profile" "/tmp/rust_mozprofile.Wjty1HfHgiuY"
1550154706233	addons.webextension.screenshots@mozilla.org	WARN	Loading extension 'screenshots@mozilla.org': Reading manifest: Invalid host permission: resource://pdf.js/
1550154706233	addons.webextension.screenshots@mozilla.org	WARN	Loading extension 'screenshots@mozilla.org': Reading manifest: Invalid host permission: about:reader*
1550154713643	Marionette	INFO	Listening on port 43633
1550154713744	Marionette	WARN	TLS certificate errors will be ignored for this session
[Parent 5459, Gecko_IOThread] WARNING: pipe error (82): Connection reset by peer: file /build/firefox-1juj5k/firefox-65.0+build2/ipc/chromium/src/chrome/common/ipc_channel_posix.cc, line 349
1550154810998	Marionette	INFO	Stopped listening on port 43633
1550154813942	mozrunner::runner	INFO	Running command: "/usr/bin/firefox" "-marionette" "-foreground" "-no-remote" "-profile" "/tmp/rust_mozprofile.f3wrGqytYJ1d"
1550154814357	addons.webextension.screenshots@mozilla.org	WARN	Loading extension 'screenshots@mozilla.org': Reading manifest: Invalid host permission: resource://pdf.js/
1550154814357	addons.webextension.screenshots@mozilla.org	WARN	Loading extension 'screenshots@mozilla.org': Reading manifest: Invalid host permission: about:reader*
1550154817357	Marionette	INFO	Listening on port 44157
1550154817454	Marionette	WARN	TLS certificate errors will be ignored for this session
[Parent 5935, Gecko_IOThread] WARNING: pipe error (71): Connection reset by peer: file /build/firefox-1juj5k/firefox-65.0+build2/ipc/chromium/src/chrome/common/ipc_channel_posix.cc, line 349
[Parent 5935, Gecko_IOThread] WARNING: pipe error (80): Connection reset by peer: file /build/firefox-1juj5k/firefox-65.0+build2/ipc/chromium/src/chrome/common/ipc_channel_posix.cc, line 349
1550154830119	Marionette	INFO	Stopped listening on port 44157
1550154958437	mozrunner::runner	INFO	Running command: "/usr/bin/firefox" "-marionette" "-foreground" "-no-remote" "-profile" "/tmp/rust_mozprofile.57Cv2LjiKn6J"
1550154958904	addons.webextension.screenshots@mozilla.org	WARN	Loading extension 'screenshots@mozilla.org': Reading manifest: Invalid host permission: resource://pdf.js/
1550154958904	addons.webextension.screenshots@mozilla.org	WARN	Loading extension 'screenshots@mozilla.org': Reading manifest: Invalid host permission: about:reader*
1550154961788	Marionette	INFO	Listening on port 36877
1550154961868	Marionette	WARN	TLS certificate errors will be ignored for this session
1550155524115	mozrunner::runner	INFO	Running command: "/usr/bin/firefox" "-marionette" "-foreground" "-no-remote" "-profile" "/tmp/rust_mozprofile.otP6Y544ezZ5"
1550155524587	addons.webextension.screenshots@mozilla.org	WARN	Loading extension 'screenshots@mozilla.org': Reading manifest: Invalid host permission: resource://pdf.js/
1550155524587	addons.webextension.screenshots@mozilla.org	WARN	Loading extension 'screenshots@mozilla.org': Reading manifest: Invalid host permission: about:reader*
1550155527726	Marionette	INFO	Listening on port 39257
1550155527834	Marionette	WARN	TLS certificate errors will be ignored for this session
JavaScript error: resource://activity-stream/lib/ActivityStreamPrefs.jsm, line 23: NS_ERROR_ILLEGAL_VALUE: Component returned failure code: 0x80070057 (NS_ERROR_ILLEGAL_VALUE) [nsIPrefBranch.removeObserver]
[Parent 7413, Gecko_IOThread] WARNING: pipe error (96): Connection reset by peer: file /build/firefox-1juj5k/firefox-65.0+build2/ipc/chromium/src/chrome/common/ipc_channel_posix.cc, line 349
[Parent 7413, Gecko_IOThread] WARNING: pipe error (71): Connection reset by peer: file /build/firefox-1juj5k/firefox-65.0+build2/ipc/chromium/src/chrome/common/ipc_channel_posix.cc, line 349
console.error: PushService: 
  clearOriginData: Error clearing origin data:
  UnknownError
console.error: PushService: 
  stateChangeProcessEnqueue: Error transitioning state
  UnknownError

###!!! [Parent][DispatchAsyncMessage] Error: PBackgroundIDBFactory::Msg_PBackgroundIDBFactoryRequestConstructor Value error: message was deserialized, but contained an illegal value


###!!! [Parent][DispatchAsyncMessage] Error: PBackgroundIDBFactory::Msg_PBackgroundIDBFactoryRequestConstructor Value error: message was deserialized, but contained an illegal value

1550155530648	Marionette	INFO	Stopped listening on port 39257
1550155578018	mozrunner::runner	INFO	Running command: "/usr/bin/firefox" "-marionette" "-foreground" "-no-remote" "-profile" "/tmp/rust_mozprofile.yhZlA9gbrEVM"
1550155578519	addons.webextension.screenshots@mozilla.org	WARN	Loading extension 'screenshots@mozilla.org': Reading manifest: Invalid host permission: resource://pdf.js/
1550155578520	addons.webextension.screenshots@mozilla.org	WARN	Loading extension 'screenshots@mozilla.org': Reading manifest: Invalid host permission: about:reader*
1550155581532	Marionette	INFO	Listening on port 33469
1550155581647	Marionette	WARN	TLS certificate errors will be ignored for this session
[Parent 7697, Gecko_IOThread] WARNING: pipe error (71): Connection reset by peer: file /build/firefox-1juj5k/firefox-65.0+build2/ipc/chromium/src/chrome/common/ipc_channel_posix.cc, line 349
1550155590735	Marionette	INFO	Stopped listening on port 33469
1550155858603	mozrunner::runner	INFO	Running command: "/usr/bin/firefox" "-marionette" "-foreground" "-no-remote" "-profile" "/tmp/rust_mozprofile.uXPkGTGUuohC"
1550155859099	addons.webextension.screenshots@mozilla.org	WARN	Loading extension 'screenshots@mozilla.org': Reading manifest: Invalid host permission: resource://pdf.js/
1550155859099	addons.webextension.screenshots@mozilla.org	WARN	Loading extension 'screenshots@mozilla.org': Reading manifest: Invalid host permission: about:reader*
1550155862184	Marionette	INFO	Listening on port 40259
1550155862319	Marionette	WARN	TLS certificate errors will be ignored for this session
[Parent 8037, Gecko_IOThread] WARNING: pipe error (109): Connection reset by peer: file /build/firefox-1juj5k/firefox-65.0+build2/ipc/chromium/src/chrome/common/ipc_channel_posix.cc, line 349
[Parent 8037, Gecko_IOThread] WARNING: pipe error (71): Connection reset by peer: file /build/firefox-1juj5k/firefox-65.0+build2/ipc/chromium/src/chrome/common/ipc_channel_posix.cc, line 349
1550155883419	Marionette	INFO	Stopped listening on port 40259
1550155931702	mozrunner::runner	INFO	Running command: "/usr/bin/firefox" "-marionette" "-foreground" "-no-remote" "-profile" "/tmp/rust_mozprofile.3Wpf2cs3I9Rq"
1550155932199	addons.webextension.screenshots@mozilla.org	WARN	Loading extension 'screenshots@mozilla.org': Reading manifest: Invalid host permission: resource://pdf.js/
1550155932199	addons.webextension.screenshots@mozilla.org	WARN	Loading extension 'screenshots@mozilla.org': Reading manifest: Invalid host permission: about:reader*
1550155935267	Marionette	INFO	Listening on port 38471
1550155935314	Marionette	WARN	TLS certificate errors will be ignored for this session
Exiting due to channel error.
Exiting due to channel error.
[GFX1-]: Receive IPC close with reason=AbnormalShutdown
Exiting due to channel error.
1550155990207	mozrunner::runner	INFO	Running command: "/usr/bin/firefox" "-marionette" "-foreground" "-no-remote" "-profile" "/tmp/rust_mozprofile.XIx8nVHHl3LQ"
1550155990691	addons.webextension.screenshots@mozilla.org	WARN	Loading extension 'screenshots@mozilla.org': Reading manifest: Invalid host permission: resource://pdf.js/
1550155990691	addons.webextension.screenshots@mozilla.org	WARN	Loading extension 'screenshots@mozilla.org': Reading manifest: Invalid host permission: about:reader*
1550155993675	Marionette	INFO	Listening on port 46179
1550155993730	Marionette	WARN	TLS certificate errors will be ignored for this session
1550156011421	mozrunner::runner	INFO	Running command: "/usr/bin/firefox" "-marionette" "-foreground" "-no-remote" "-profile" "/tmp/rust_mozprofile.ARws7gtY9FMm"
1550156011894	addons.webextension.screenshots@mozilla.org	WARN	Loading extension 'screenshots@mozilla.org': Reading manifest: Invalid host permission: resource://pdf.js/
1550156011895	addons.webextension.screenshots@mozilla.org	WARN	Loading extension 'screenshots@mozilla.org': Reading manifest: Invalid host permission: about:reader*
1550156014770	Marionette	INFO	Listening on port 46619
1550156014832	Marionette	WARN	TLS certificate errors will be ignored for this session
Exiting due to channel error.
Exiting due to channel error.
[GFX1-]: Receive IPC close with reason=AbnormalShutdown
[Child 9020, Chrome_ChildThread] WARNING: pipe error (3): Connection reset by peer: file /build/firefox-1juj5k/firefox-65.0+build2/ipc/chromium/src/chrome/common/ipc_channel_posix.cc, line 349
Exiting due to channel error.
1550156563683	mozrunner::runner	INFO	Running command: "/usr/bin/firefox" "-marionette" "-foreground" "-no-remote" "-profile" "/tmp/rust_mozprofile.MlQujn2SMoL2"
1550156564154	addons.webextension.screenshots@mozilla.org	WARN	Loading extension 'screenshots@mozilla.org': Reading manifest: Invalid host permission: resource://pdf.js/
1550156564154	addons.webextension.screenshots@mozilla.org	WARN	Loading extension 'screenshots@mozilla.org': Reading manifest: Invalid host permission: about:reader*
1550156567226	Marionette	INFO	Listening on port 40375
1550156567298	Marionette	WARN	TLS certificate errors will be ignored for this session
[Parent 6329, Gecko_IOThread] WARNING: pipe error (119): Connection reset by peer: file /build/firefox-1juj5k/firefox-65.0+build2/ipc/chromium/src/chrome/common/ipc_channel_posix.cc, line 349
[Parent 6329, Gecko_IOThread] WARNING: pipe error (71): Connection reset by peer: file /build/firefox-1juj5k/firefox-65.0+build2/ipc/chromium/src/chrome/common/ipc_channel_posix.cc, line 349
1550156582338	Marionette	INFO	Stopped listening on port 36877
[Parent 9999, Gecko_IOThread] WARNING: pipe error (71): Connection reset by peer: file /build/firefox-1juj5k/firefox-65.0+build2/ipc/chromium/src/chrome/common/ipc_channel_posix.cc, line 349
[Parent 9999, Gecko_IOThread] WARNING: pipe error (65): Connection reset by peer: file /build/firefox-1juj5k/firefox-65.0+build2/ipc/chromium/src/chrome/common/ipc_channel_posix.cc, line 349
1550156583964	Marionette	INFO	Stopped listening on port 40375
[Parent 8651, Gecko_IOThread] WARNING: pipe error (72): Connection reset by peer: file /build/firefox-1juj5k/firefox-65.0+build2/ipc/chromium/src/chrome/common/ipc_channel_posix.cc, line 349
[Parent 8651, Gecko_IOThread] WARNING: pipe error (71): Connection reset by peer: file /build/firefox-1juj5k/firefox-65.0+build2/ipc/chromium/src/chrome/common/ipc_channel_posix.cc, line 349
1550156586678	Marionette	INFO	Stopped listening on port 46179
1550156588779	mozrunner::runner	INFO	Running command: "/usr/bin/firefox" "-marionette" "-foreground" "-no-remote" "-profile" "/tmp/rust_mozprofile.gFMfhZB9Hshh"
1550156589269	addons.webextension.screenshots@mozilla.org	WARN	Loading extension 'screenshots@mozilla.org': Reading manifest: Invalid host permission: resource://pdf.js/
1550156589269	addons.webextension.screenshots@mozilla.org	WARN	Loading extension 'screenshots@mozilla.org': Reading manifest: Invalid host permission: about:reader*
1550156592036	Marionette	INFO	Listening on port 46345
1550156592094	Marionette	WARN	TLS certificate errors will be ignored for this session
1550156700636	mozrunner::runner	INFO	Running command: "/usr/bin/firefox" "-marionette" "-foreground" "-no-remote" "-profile" "/tmp/rust_mozprofile.UHZsz7Be7aQQ"
1550156701075	addons.webextension.screenshots@mozilla.org	WARN	Loading extension 'screenshots@mozilla.org': Reading manifest: Invalid host permission: resource://pdf.js/
1550156701076	addons.webextension.screenshots@mozilla.org	WARN	Loading extension 'screenshots@mozilla.org': Reading manifest: Invalid host permission: about:reader*
1550156703851	Marionette	INFO	Listening on port 45389
1550156703990	Marionette	WARN	TLS certificate errors will be ignored for this session
1550156841526	mozrunner::runner	INFO	Running command: "/usr/bin/firefox" "-marionette" "-foreground" "-no-remote" "-profile" "/tmp/rust_mozprofile.WcszYqALW42R"
1550156841969	addons.webextension.screenshots@mozilla.org	WARN	Loading extension 'screenshots@mozilla.org': Reading manifest: Invalid host permission: resource://pdf.js/
1550156841970	addons.webextension.screenshots@mozilla.org	WARN	Loading extension 'screenshots@mozilla.org': Reading manifest: Invalid host permission: about:reader*
1550156845097	Marionette	INFO	Listening on port 45293
1550156845137	Marionette	WARN	TLS certificate errors will be ignored for this session
[Parent 10525, Gecko_IOThread] WARNING: pipe error (71): Connection reset by peer: file /build/firefox-1juj5k/firefox-65.0+build2/ipc/chromium/src/chrome/common/ipc_channel_posix.cc, line 349
[Parent 10525, Gecko_IOThread] WARNING: pipe error (108): Connection reset by peer: file /build/firefox-1juj5k/firefox-65.0+build2/ipc/chromium/src/chrome/common/ipc_channel_posix.cc, line 349
1550161210405	Marionette	INFO	Stopped listening on port 46345
[Parent 10828, Gecko_IOThread] WARNING: pipe error (90): Connection reset by peer: file /build/firefox-1juj5k/firefox-65.0+build2/ipc/chromium/src/chrome/common/ipc_channel_posix.cc, line 349
[Parent 10828, Gecko_IOThread] WARNING: pipe error (71): Connection reset by peer: file /build/firefox-1juj5k/firefox-65.0+build2/ipc/chromium/src/chrome/common/ipc_channel_posix.cc, line 349
1550161212009	Marionette	INFO	Stopped listening on port 45389
[Parent 11140, Gecko_IOThread] WARNING: pipe error (107): Connection reset by peer: file /build/firefox-1juj5k/firefox-65.0+build2/ipc/chromium/src/chrome/common/ipc_channel_posix.cc, line 349
[Parent 11140, Gecko_IOThread] WARNING: pipe error (71): Connection reset by peer: file /build/firefox-1juj5k/firefox-65.0+build2/ipc/chromium/src/chrome/common/ipc_channel_posix.cc, line 349
1550161213726	Marionette	INFO	Stopped listening on port 45293
1550162545640	mozrunner::runner	INFO	Running command: "/usr/bin/firefox" "-marionette" "-foreground" "-no-remote" "-profile" "/tmp/rust_mozprofile.nxfdP0GzcZ1A"
1550162546080	addons.webextension.screenshots@mozilla.org	WARN	Loading extension 'screenshots@mozilla.org': Reading manifest: Invalid host permission: resource://pdf.js/
1550162546080	addons.webextension.screenshots@mozilla.org	WARN	Loading extension 'screenshots@mozilla.org': Reading manifest: Invalid host permission: about:reader*
1550162548960	Marionette	INFO	Listening on port 46707
1550162549055	Marionette	WARN	TLS certificate errors will be ignored for this session
[Parent 14752, Gecko_IOThread] WARNING: pipe error (71): Connection reset by peer: file /build/firefox-1juj5k/firefox-65.0+build2/ipc/chromium/src/chrome/common/ipc_channel_posix.cc, line 349
[Parent 14752, Gecko_IOThread] WARNING: pipe error (89): Connection reset by peer: file /build/firefox-1juj5k/firefox-65.0+build2/ipc/chromium/src/chrome/common/ipc_channel_posix.cc, line 349
1550162555636	Marionette	INFO	Stopped listening on port 46707
1550162561882	mozrunner::runner	INFO	Running command: "/usr/bin/firefox" "-marionette" "-foreground" "-no-remote" "-profile" "/tmp/rust_mozprofile.gLaew4Y8wKqr"
1550162562303	addons.webextension.screenshots@mozilla.org	WARN	Loading extension 'screenshots@mozilla.org': Reading manifest: Invalid host permission: resource://pdf.js/
1550162562303	addons.webextension.screenshots@mozilla.org	WARN	Loading extension 'screenshots@mozilla.org': Reading manifest: Invalid host permission: about:reader*
1550162565213	Marionette	INFO	Listening on port 35381
1550162565299	Marionette	WARN	TLS certificate errors will be ignored for this session
1550162701084	mozrunner::runner	INFO	Running command: "/usr/bin/firefox" "-marionette" "-foreground" "-no-remote" "-profile" "/tmp/rust_mozprofile.bQXqkwdunnJm"
1550162701546	addons.webextension.screenshots@mozilla.org	WARN	Loading extension 'screenshots@mozilla.org': Reading manifest: Invalid host permission: resource://pdf.js/
1550162701546	addons.webextension.screenshots@mozilla.org	WARN	Loading extension 'screenshots@mozilla.org': Reading manifest: Invalid host permission: about:reader*
1550162704447	Marionette	INFO	Listening on port 38493
1550162704499	Marionette	WARN	TLS certificate errors will be ignored for this session
[Parent 15320, Gecko_IOThread] WARNING: pipe error (96): Connection reset by peer: file /build/firefox-1juj5k/firefox-65.0+build2/ipc/chromium/src/chrome/common/ipc_channel_posix.cc, line 349
1550162733840	Marionette	INFO	Stopped listening on port 38493
[Parent 15027, Gecko_IOThread] WARNING: pipe error (96): Connection reset by peer: file /build/firefox-1juj5k/firefox-65.0+build2/ipc/chromium/src/chrome/common/ipc_channel_posix.cc, line 349
[Parent 15027, Gecko_IOThread] WARNING: pipe error (71): Connection reset by peer: file /build/firefox-1juj5k/firefox-65.0+build2/ipc/chromium/src/chrome/common/ipc_channel_posix.cc, line 349
1550162742834	Marionette	INFO	Stopped listening on port 35381
1550162815025	mozrunner::runner	INFO	Running command: "/usr/bin/firefox" "-marionette" "-foreground" "-no-remote" "-profile" "/tmp/rust_mozprofile.TRzcYgNcOzr9"
1550162815440	addons.webextension.screenshots@mozilla.org	WARN	Loading extension 'screenshots@mozilla.org': Reading manifest: Invalid host permission: resource://pdf.js/
1550162815441	addons.webextension.screenshots@mozilla.org	WARN	Loading extension 'screenshots@mozilla.org': Reading manifest: Invalid host permission: about:reader*
1550162818406	Marionette	INFO	Listening on port 36611
1550162818509	Marionette	WARN	TLS certificate errors will be ignored for this session
[GFX1-]: Receive IPC close with reason=AbnormalShutdown
[Child 15810, Chrome_ChildThread] WARNING: pipe error (3): Connection reset by peer: file /build/firefox-1juj5k/firefox-65.0+build2/ipc/chromium/src/chrome/common/ipc_channel_posix.cc, line 349
Exiting due to channel error.
Exiting due to channel error.
Exiting due to channel error.
1550162883292	mozrunner::runner	INFO	Running command: "/usr/bin/firefox" "-marionette" "-foreground" "-no-remote" "-profile" "/tmp/rust_mozprofile.MkZm5dTfyBbs"
1550162883730	addons.webextension.screenshots@mozilla.org	WARN	Loading extension 'screenshots@mozilla.org': Reading manifest: Invalid host permission: resource://pdf.js/
1550162883730	addons.webextension.screenshots@mozilla.org	WARN	Loading extension 'screenshots@mozilla.org': Reading manifest: Invalid host permission: about:reader*
1550162886669	Marionette	INFO	Listening on port 38713
1550162886707	Marionette	WARN	TLS certificate errors will be ignored for this session
Exiting due to channel error.
Exiting due to channel error.
Exiting due to channel error.
1550591057045	mozrunner::runner	INFO	Running command: "/usr/bin/firefox" "-marionette" "-foreground" "-no-remote" "-profile" "/tmp/rust_mozprofile.1XxCX4YTeYpQ"
1550591062743	addons.webextension.screenshots@mozilla.org	WARN	Loading extension 'screenshots@mozilla.org': Reading manifest: Invalid host permission: resource://pdf.js/
1550591062743	addons.webextension.screenshots@mozilla.org	WARN	Loading extension 'screenshots@mozilla.org': Reading manifest: Invalid host permission: about:reader*
1550591069198	Marionette	INFO	Listening on port 45347
1550591069291	Marionette	WARN	TLS certificate errors will be ignored for this session
[GFX1-]: Receive IPC close with reason=AbnormalShutdown
[Child 5051, Chrome_ChildThread] WARNING: pipe error (3): Connection reset by peer: file /build/firefox-1juj5k/firefox-65.0+build2/ipc/chromium/src/chrome/common/ipc_channel_posix.cc, line 349
Exiting due to channel error.
[GFX1-]: Receive IPC close with reason=AbnormalShutdown
[Child 4960, Chrome_ChildThread] WARNING: pipe error (3): Connection reset by peer: file /build/firefox-1juj5k/firefox-65.0+build2/ipc/chromium/src/chrome/common/ipc_channel_posix.cc, line 349
Exiting due to channel error.
Exiting due to channel error.
1550591131670	mozrunner::runner	INFO	Running command: "/usr/bin/firefox" "-marionette" "-foreground" "-no-remote" "-profile" "/tmp/rust_mozprofile.zHpiRPKiFnN0"
1550591132092	addons.webextension.screenshots@mozilla.org	WARN	Loading extension 'screenshots@mozilla.org': Reading manifest: Invalid host permission: resource://pdf.js/
1550591132093	addons.webextension.screenshots@mozilla.org	WARN	Loading extension 'screenshots@mozilla.org': Reading manifest: Invalid host permission: about:reader*
1550591136163	Marionette	INFO	Listening on port 41719
1550591136188	Marionette	WARN	TLS certificate errors will be ignored for this session
1550591155780	mozrunner::runner	INFO	Running command: "/usr/bin/firefox" "-marionette" "-foreground" "-no-remote" "-profile" "/tmp/rust_mozprofile.RCQHFHV5Kjqt"
1550591156274	addons.webextension.screenshots@mozilla.org	WARN	Loading extension 'screenshots@mozilla.org': Reading manifest: Invalid host permission: resource://pdf.js/
1550591156275	addons.webextension.screenshots@mozilla.org	WARN	Loading extension 'screenshots@mozilla.org': Reading manifest: Invalid host permission: about:reader*
1550591159774	Marionette	INFO	Listening on port 33807
1550591159800	Marionette	WARN	TLS certificate errors will be ignored for this session
[Parent 5182, Gecko_IOThread] WARNING: pipe error (108): Connection reset by peer: file /build/firefox-1juj5k/firefox-65.0+build2/ipc/chromium/src/chrome/common/ipc_channel_posix.cc, line 349
1550591195799	Marionette	INFO	Stopped listening on port 41719
[Parent 5505, Gecko_IOThread] WARNING: pipe error (108): Connection reset by peer: file /build/firefox-1juj5k/firefox-65.0+build2/ipc/chromium/src/chrome/common/ipc_channel_posix.cc, line 349
[Parent 5505, Gecko_IOThread] WARNING: pipe error (71): Connection reset by peer: file /build/firefox-1juj5k/firefox-65.0+build2/ipc/chromium/src/chrome/common/ipc_channel_posix.cc, line 349
1550591197352	Marionette	INFO	Stopped listening on port 33807
1550591275260	mozrunner::runner	INFO	Running command: "/usr/bin/firefox" "-marionette" "-foreground" "-no-remote" "-profile" "/tmp/rust_mozprofile.QVUCi2RG0IB8"
1550591275672	addons.webextension.screenshots@mozilla.org	WARN	Loading extension 'screenshots@mozilla.org': Reading manifest: Invalid host permission: resource://pdf.js/
1550591275673	addons.webextension.screenshots@mozilla.org	WARN	Loading extension 'screenshots@mozilla.org': Reading manifest: Invalid host permission: about:reader*
1550591278694	Marionette	INFO	Listening on port 44815
1550591278791	Marionette	WARN	TLS certificate errors will be ignored for this session
1550591293114	mozrunner::runner	INFO	Running command: "/usr/bin/firefox" "-marionette" "-foreground" "-no-remote" "-profile" "/tmp/rust_mozprofile.MuZBpJL8J5MT"
1550591293576	addons.webextension.screenshots@mozilla.org	WARN	Loading extension 'screenshots@mozilla.org': Reading manifest: Invalid host permission: resource://pdf.js/
1550591293576	addons.webextension.screenshots@mozilla.org	WARN	Loading extension 'screenshots@mozilla.org': Reading manifest: Invalid host permission: about:reader*
[Parent 6133, Gecko_IOThread] WARNING: pipe error (71): Connection reset by peer: file /build/firefox-1juj5k/firefox-65.0+build2/ipc/chromium/src/chrome/common/ipc_channel_posix.cc, line 349
[Parent 6133, Gecko_IOThread] WARNING: pipe error (95): Connection reset by peer: file /build/firefox-1juj5k/firefox-65.0+build2/ipc/chromium/src/chrome/common/ipc_channel_posix.cc, line 349
1550591296674	Marionette	INFO	Stopped listening on port 44815
1550591297024	Marionette	INFO	Listening on port 39583
1550591297134	Marionette	WARN	TLS certificate errors will be ignored for this session
Exiting due to channel error.
Exiting due to channel error.
Exiting due to channel error.
1550591402286	mozrunner::runner	INFO	Running command: "/usr/bin/firefox" "-marionette" "-foreground" "-no-remote" "-profile" "/tmp/rust_mozprofile.u2vFFfmDSR2F"
1550591402904	addons.webextension.screenshots@mozilla.org	WARN	Loading extension 'screenshots@mozilla.org': Reading manifest: Invalid host permission: resource://pdf.js/
1550591402904	addons.webextension.screenshots@mozilla.org	WARN	Loading extension 'screenshots@mozilla.org': Reading manifest: Invalid host permission: about:reader*
1550591406913	Marionette	INFO	Listening on port 44099
1550591406932	Marionette	WARN	TLS certificate errors will be ignored for this session
1550591488631	mozrunner::runner	INFO	Running command: "/usr/bin/firefox" "-marionette" "-foreground" "-no-remote" "-profile" "/tmp/rust_mozprofile.d4OPlKGMOwLm"
1550591489206	addons.webextension.screenshots@mozilla.org	WARN	Loading extension 'screenshots@mozilla.org': Reading manifest: Invalid host permission: resource://pdf.js/
1550591489206	addons.webextension.screenshots@mozilla.org	WARN	Loading extension 'screenshots@mozilla.org': Reading manifest: Invalid host permission: about:reader*
1550591492910	Marionette	INFO	Listening on port 37295
1550591492966	Marionette	WARN	TLS certificate errors will be ignored for this session
Exiting due to channel error.
Exiting due to channel error.
Exiting due to channel error.
1550591665022	mozrunner::runner	INFO	Running command: "/usr/bin/firefox" "-marionette" "-foreground" "-no-remote" "-profile" "/tmp/rust_mozprofile.9gaH8T3ii1yQ"
1550591665600	addons.webextension.screenshots@mozilla.org	WARN	Loading extension 'screenshots@mozilla.org': Reading manifest: Invalid host permission: resource://pdf.js/
1550591665600	addons.webextension.screenshots@mozilla.org	WARN	Loading extension 'screenshots@mozilla.org': Reading manifest: Invalid host permission: about:reader*
1550591669354	Marionette	INFO	Listening on port 37237
1550591669451	Marionette	WARN	TLS certificate errors will be ignored for this session
1550591905062	mozrunner::runner	INFO	Running command: "/usr/bin/firefox" "-marionette" "-foreground" "-no-remote" "-profile" "/tmp/rust_mozprofile.YmpH8WCJ4jMW"
1550591905492	addons.webextension.screenshots@mozilla.org	WARN	Loading extension 'screenshots@mozilla.org': Reading manifest: Invalid host permission: resource://pdf.js/
1550591905492	addons.webextension.screenshots@mozilla.org	WARN	Loading extension 'screenshots@mozilla.org': Reading manifest: Invalid host permission: about:reader*
1550591908503	Marionette	INFO	Listening on port 37045
1550591908573	Marionette	WARN	TLS certificate errors will be ignored for this session
Exiting due to channel error.
[GFX1-]: Receive IPC close with reason=AbnormalShutdown
[Child 8563, Chrome_ChildThread] WARNING: pipe error (3): Connection reset by peer: file /build/firefox-1juj5k/firefox-65.0+build2/ipc/chromium/src/chrome/common/ipc_channel_posix.cc, line 349
Exiting due to channel error.
Exiting due to channel error.
1550592372325	mozrunner::runner	INFO	Running command: "/usr/bin/firefox" "-marionette" "-foreground" "-no-remote" "-profile" "/tmp/rust_mozprofile.R4WxvADvPt9v"
1550592372896	addons.webextension.screenshots@mozilla.org	WARN	Loading extension 'screenshots@mozilla.org': Reading manifest: Invalid host permission: resource://pdf.js/
1550592372897	addons.webextension.screenshots@mozilla.org	WARN	Loading extension 'screenshots@mozilla.org': Reading manifest: Invalid host permission: about:reader*
1550592376585	Marionette	INFO	Listening on port 45765
1550592376688	Marionette	WARN	TLS certificate errors will be ignored for this session
1550592575594	mozrunner::runner	INFO	Running command: "/usr/bin/firefox" "-marionette" "-foreground" "-no-remote" "-profile" "/tmp/rust_mozprofile.SJuRbXJTnuTD"
1550592576148	addons.webextension.screenshots@mozilla.org	WARN	Loading extension 'screenshots@mozilla.org': Reading manifest: Invalid host permission: resource://pdf.js/
1550592576148	addons.webextension.screenshots@mozilla.org	WARN	Loading extension 'screenshots@mozilla.org': Reading manifest: Invalid host permission: about:reader*
1550592580133	Marionette	INFO	Listening on port 40223
1550592580160	Marionette	WARN	TLS certificate errors will be ignored for this session
[Parent 7011, Gecko_IOThread] WARNING: pipe error (71): Connection reset by peer: file /build/firefox-1juj5k/firefox-65.0+build2/ipc/chromium/src/chrome/common/ipc_channel_posix.cc, line 349
[Parent 7011, Gecko_IOThread] WARNING: pipe error (90): Connection reset by peer: file /build/firefox-1juj5k/firefox-65.0+build2/ipc/chromium/src/chrome/common/ipc_channel_posix.cc, line 349
1550592839016	Marionette	INFO	Stopped listening on port 44099
[Parent 8081, Gecko_IOThread] WARNING: pipe error (94): Connection reset by peer: file /build/firefox-1juj5k/firefox-65.0+build2/ipc/chromium/src/chrome/common/ipc_channel_posix.cc, line 349
[Parent 8081, Gecko_IOThread] WARNING: pipe error (71): Connection reset by peer: file /build/firefox-1juj5k/firefox-65.0+build2/ipc/chromium/src/chrome/common/ipc_channel_posix.cc, line 349
1550592840889	Marionette	INFO	Stopped listening on port 37237
[Parent 8898, Gecko_IOThread] WARNING: pipe error (65): Connection reset by peer: file /build/firefox-1juj5k/firefox-65.0+build2/ipc/chromium/src/chrome/common/ipc_channel_posix.cc, line 349
[Parent 8898, Gecko_IOThread] WARNING: pipe error (71): Connection reset by peer: file /build/firefox-1juj5k/firefox-65.0+build2/ipc/chromium/src/chrome/common/ipc_channel_posix.cc, line 349
1550592841914	Marionette	INFO	Stopped listening on port 45765
[Parent 9230, Gecko_IOThread] WARNING: pipe error (70): Connection reset by peer: file /build/firefox-1juj5k/firefox-65.0+build2/ipc/chromium/src/chrome/common/ipc_channel_posix.cc, line 349
[Parent 9230, Gecko_IOThread] WARNING: pipe error (97): Connection reset by peer: file /build/firefox-1juj5k/firefox-65.0+build2/ipc/chromium/src/chrome/common/ipc_channel_posix.cc, line 349
1550592843373	Marionette	INFO	Stopped listening on port 40223
